<?xml version="1.0" encoding="UTF-8"?>
<testng-results ignored="0" total="3" passed="3" failed="0" skipped="0">
  <reporter-output>
  </reporter-output>
  <suite started-at="2022-11-20T14:28:44 IST" name="Default suite" finished-at="2022-11-20T14:28:45 IST" duration-ms="72">
    <groups>
    </groups>
    <test started-at="2022-11-20T14:28:44 IST" name="Default test" finished-at="2022-11-20T14:28:45 IST" duration-ms="72">
      <class name="Practiceoftestng">
        <test-method signature="run()[pri:0, instance:Practiceoftestng@37d4349f]" started-at="2022-11-20T14:28:45 IST" name="run" finished-at="2022-11-20T14:28:45 IST" duration-ms="11" status="PASS">
          <reporter-output>
          </reporter-output>
        </test-method> <!-- run -->
        <test-method signature="runn()[pri:0, instance:Practiceoftestng@37d4349f]" started-at="2022-11-20T14:28:45 IST" name="runn" finished-at="2022-11-20T14:28:45 IST" duration-ms="1" status="PASS">
          <reporter-output>
          </reporter-output>
        </test-method> <!-- runn -->
        <test-method signature="ruun()[pri:0, instance:Practiceoftestng@37d4349f]" started-at="2022-11-20T14:28:45 IST" name="ruun" finished-at="2022-11-20T14:28:45 IST" duration-ms="1" status="PASS">
          <reporter-output>
          </reporter-output>
        </test-method> <!-- ruun -->
      </class> <!-- Practiceoftestng -->
    </test> <!-- Default test -->
  </suite> <!-- Default suite -->
</testng-results>
